{
  "RSpec": {
    "coverage": {
      "/Users/katebeavis/Development/projects/makers/battleships-graduate/lib/board.rb": [
        1,
        1,
        null,
        1,
        10,
        null,
        null,
        1,
        8,
        7,
        6,
        4,
        null,
        null
      ],
      "/Users/katebeavis/Development/projects/makers/battleships-graduate/spec/features/ships_are_placed_spec.rb": [
        1,
        1,
        null,
        1,
        3,
        3,
        1,
        1,
        1,
        null,
        null,
        1,
        1,
        2,
        null,
        null
      ],
      "/Users/katebeavis/Development/projects/makers/battleships-graduate/spec/features/ships_have_different_lengths_spec.rb": [
        1,
        1,
        null,
        1,
        1,
        1,
        1,
        null,
        null
      ],
      "/Users/katebeavis/Development/projects/makers/battleships-graduate/lib/ship.rb": [
        null,
        1,
        1,
        1,
        null,
        1,
        null,
        1,
        4,
        3,
        null,
        null
      ],
      "/Users/katebeavis/Development/projects/makers/battleships-graduate/spec/ship_spec.rb": [
        1,
        1,
        null,
        1,
        1,
        1,
        1,
        null,
        null,
        1,
        1,
        1,
        null,
        null,
        1,
        2,
        null,
        null
      ]
    },
    "timestamp": 1430818917
  }
}
