{
  "RSpec": {
    "coverage": {
      "/Users/katebeavis/Development/projects/makers/battleships-graduate/lib/board.rb": [
        1,
        1,
        null,
        1,
        19,
        null,
        null,
        1,
        13,
        12,
        11,
        9,
        null,
        null,
        1,
        12,
        4,
        8,
        4,
        4,
        4,
        null,
        null,
        null,
        1,
        null,
        1,
        12,
        null,
        null,
        1,
        8,
        null,
        null,
        1,
        4,
        null,
        null,
        1,
        2,
        null,
        null
      ],
      "/Users/katebeavis/Development/projects/makers/battleships-graduate/lib/ship.rb": [
        1,
        1,
        1,
        null,
        1,
        null,
        1,
        5,
        4,
        null,
        null
      ],
      "/Users/katebeavis/Development/projects/makers/battleships-graduate/spec/features/firing_at_ships_spec.rb": [
        1,
        null,
        1,
        5,
        3,
        1,
        1,
        1,
        null,
        null,
        1,
        1,
        1,
        1,
        null,
        null,
        1,
        1,
        2,
        null,
        null,
        1,
        1,
        1,
        2,
        null,
        null
      ],
      "/Users/katebeavis/Development/projects/makers/battleships-graduate/spec/features/ship_has_been_hit_spec.rb": [
        1,
        null,
        1,
        2,
        2,
        1,
        1,
        null,
        null
      ],
      "/Users/katebeavis/Development/projects/makers/battleships-graduate/spec/features/ships_are_placed_spec.rb": [
        1,
        null,
        1,
        3,
        3,
        1,
        1,
        1,
        null,
        null,
        1,
        1,
        2,
        null,
        null
      ],
      "/Users/katebeavis/Development/projects/makers/battleships-graduate/spec/features/ships_have_different_lengths_spec.rb": [
        1,
        null,
        1,
        1,
        1,
        1,
        null,
        null
      ],
      "/Users/katebeavis/Development/projects/makers/battleships-graduate/spec/ship_spec.rb": [
        1,
        null,
        1,
        1,
        1,
        1,
        null,
        null,
        1,
        1,
        1,
        null,
        null,
        1,
        2,
        null,
        null
      ]
    },
    "timestamp": 1430832877
  }
}
